
> sed-monorepo@0.0.0 build
> turbo build

Î“Ã‡Ã³ Packages in scope: @sed/action, @sed/cli, @sed/config, @sed/core, @sed/docs, @sed/git, @sed/scripts, @sed/shared, @sed/web, sed-vscode
Î“Ã‡Ã³ Running build in 10 packages
Î“Ã‡Ã³ Remote caching disabled
@sed/docs:build: cache miss, executing 4476bc81bac4509b
@sed/shared:build: cache hit, replaying logs 14d94e3c71c0d905
@sed/shared:build: 
@sed/shared:build: > @sed/shared@0.0.0 build S:\SED\packages\shared
@sed/shared:build: > tsc
@sed/shared:build: 
@sed/core:build: cache miss, executing 5c6025cc86460769
@sed/docs:build: 
@sed/docs:build: > @sed/docs@0.1.0 build S:\SED\docs
@sed/docs:build: > vitepress build
@sed/docs:build: 
@sed/core:build: 
@sed/core:build: > @sed/core@0.0.0 build S:\SED\packages\core
@sed/core:build: > tsc
@sed/core:build: 
@sed/docs:build: 
@sed/docs:build:   [32m[1mvitepress[22m v1.6.4[39m
@sed/docs:build: 
@sed/docs:build: - building client + server bundles...
@sed/core:build: src/engine/change-classifier.ts(175,37): error TS2345: Argument of type 'string | undefined' is not assignable to parameter of type 'string'.
@sed/core:build:   Type 'undefined' is not assignable to type 'string'.
@sed/core:build: src/engine/change-classifier.ts(179,11): error TS2322: Type 'string | undefined' is not assignable to type 'string'.
@sed/core:build:   Type 'undefined' is not assignable to type 'string'.
@sed/core:build: src/engine/change-classifier.ts(180,11): error TS2322: Type 'string | undefined' is not assignable to type 'string'.
@sed/core:build:   Type 'undefined' is not assignable to type 'string'.
@sed/core:build: src/engine/change-classifier.ts(181,11): error TS2322: Type 'string | undefined' is not assignable to type 'string'.
@sed/core:build:   Type 'undefined' is not assignable to type 'string'.
@sed/core:build: src/engine/diff-processor.ts(66,7): error TS2353: Object literal may only specify known properties, and 'metadata' does not exist in type 'FileDiff'.
@sed/core:build: src/engine/diff-processor.ts(122,20): error TS2339: Property 'depth' does not exist on type 'SemanticNode'.
@sed/core:build: src/engine/diff-processor.ts(197,7): error TS2322: Type 'MerkleNode | undefined' is not assignable to type 'SemanticNode | undefined'.
@sed/core:build:   Type 'MerkleNode' is missing the following properties from type 'SemanticNode': range, metadata
@sed/core:build: src/engine/diff-processor.ts(198,7): error TS2322: Type 'MerkleNode | undefined' is not assignable to type 'SemanticNode | undefined'.
@sed/core:build: src/engine/diff-processor.ts(281,7): error TS2353: Object literal may only specify known properties, and 'byType' does not exist in type '{ readonly added: number; readonly removed: number; readonly modified: number; readonly totalChanges: number; }'.
@sed/core:build: src/entropy/entropy-calculator.ts(112,5): error TS2739: Type '{ nodeId: string; nodeName: string; nodeType: SemanticNodeType; entropy: number; normalizedEntropy: number; level: EntropyLevel; components: { structural: number; semantic: number; syntactic: number; }; changeType: "added" | ... 2 more ... | "unchanged"; }' is missing the following properties from type 'NodeEntropy': shannon, conditional, relative, type
@sed/core:build: src/semantic/ast-walker.ts(182,9): error TS2322: Type 'number' is not assignable to type 'SourcePosition'.
@sed/core:build: src/semantic/ast-walker.ts(183,9): error TS2322: Type 'number' is not assignable to type 'SourcePosition'.
@sed/core:build: src/semantic/ast-walker.ts(190,9): error TS2353: Object literal may only specify known properties, and 'depth' does not exist in type 'SemanticMetadata'.
@sed/core:build: src/semantic/merkle-tree.ts(269,26): error TS2345: Argument of type 'string[]' is not assignable to parameter of type 'string'.
@sed/core:build: src/semantic/merkle-tree.ts(312,7): error TS2353: Object literal may only specify known properties, and 'name' does not exist in type '{ type: string; childTypes: readonly string[]; depth: number; }'.
@sed/core:build: src/semantic/merkle-tree.ts(329,26): error TS2345: Argument of type 'string[]' is not assignable to parameter of type 'string'.
@sed/core:build: src/semantic/parser.ts(22,7): error TS2739: Type '{ includeComments: false; maxDepth: number; timeout: number; }' is missing the following properties from type 'Required<ParserOptions>': maxFileSize, customPatterns
@sed/core:build: src/semantic/parser.ts(86,38): error TS2345: Argument of type '{ hasError: boolean; children: unknown[]; type: string; }' is not assignable to parameter of type 'TSNode'.
@sed/core:build:   Type '{ hasError: boolean; children: unknown[]; type: string; }' is missing the following properties from type 'TSNode': text, startPosition, endPosition, startIndex, and 12 more.
@sed/core:build: src/semantic/parser.ts(106,11): error TS2353: Object literal may only specify known properties, and 'parseTime' does not exist in type '{ totalNodes: number; maxDepth: number; hasErrors: boolean; }'.
@sed/core:build: src/semantic/parser.ts(124,5): error TS2322: Type '{ filePath: string; language: SupportedLanguage; nodes: SemanticNode[]; parseTime: number; errors: string[]; metadata: { totalNodes: number; maxDepth: number; hasErrors: boolean; }; }[]' is not assignable to type 'SemanticNode[][]'.
@sed/core:build:   Type '{ filePath: string; language: SupportedLanguage; nodes: SemanticNode[]; parseTime: number; errors: string[]; metadata: { totalNodes: number; maxDepth: number; hasErrors: boolean; }; }' is missing the following properties from type 'SemanticNode[]': length, pop, push, concat, and 29 more.
@sed/core:build: src/semantic/parser.ts(138,7): error TS2322: Type 'boolean | undefined' is not assignable to type 'boolean'.
@sed/core:build:   Type 'undefined' is not assignable to type 'boolean'.
@sed/core:build: src/semantic/parser.ts(148,5): error TS4104: The type 'readonly SupportedLanguage[]' is 'readonly' and cannot be assigned to the mutable type 'SupportedLanguage[]'.
@sed/core:build: src/semantic/parser.ts(163,38): error TS2345: Argument of type 'string | null' is not assignable to parameter of type 'string'.
@sed/core:build:   Type 'null' is not assignable to type 'string'.
@sed/core:build: src/semantic/parser.ts(170,11): error TS2741: Property 'c' is missing in type '{ typescript: string; javascript: string; python: string; go: string; rust: string; java: string; csharp: string; cpp: string; }' but required in type 'Record<SupportedLanguage, string>'.
@sed/core:build: src/semantic/parser.ts(257,25): error TS2339: Property 'push' does not exist on type 'readonly SemanticNode[]'.
@sed/core:build: src/semantic/parser.ts(318,49): error TS2345: Argument of type 'readonly SemanticNode[]' is not assignable to parameter of type 'SemanticNode[]'.
@sed/core:build:   The type 'readonly SemanticNode[]' is 'readonly' and cannot be assigned to the mutable type 'SemanticNode[]'.
@sed/core:build: Î“Ã‡Ã«ELIFECYCLEÎ“Ã‡Ã« Command failed with exit code 1.
@sed/core:build: ERROR: command finished with error: command (S:\SED\packages\core) C:\Users\sgbil\AppData\Roaming\npm\pnpm.cmd run build exited (1)
@sed/core#build: command (S:\SED\packages\core) C:\Users\sgbil\AppData\Roaming\npm\pnpm.cmd run build exited (1)

 Tasks:    1 successful, 3 total
Cached:    1 cached, 3 total
  Time:    4.53s 
Failed:    @sed/core#build

 ERROR  run failed: command  exited (1)
